<?xml version="1.0" encoding="UTF-8"?>
<!-- Generated by org.testng.reporters.JUnitReportReporter -->
<testsuite hostname="DESKTOP-AFJ4RN8" failures="0" tests="1" name="com.cucumber.TestRunner.sreachUserRunner" time="58.101" errors="0" timestamp="8 Feb 2024 04:16:09 GMT">
  <testcase classname="com.cucumber.TestRunner.sreachUserRunner" name="feature" time="58.101"/>
</testsuite> <!-- com.cucumber.TestRunner.sreachUserRunner -->
