<?xml version="1.0" encoding="UTF-8"?>
<!-- Generated by org.testng.reporters.JUnitReportReporter -->
<testsuite hostname="DESKTOP-AFJ4RN8" failures="0" tests="1" name="com.cucumber.TestRunner.sreachUserRunner" time="57.427" errors="0" timestamp="2 Feb 2024 12:54:46 GMT">
  <testcase classname="com.cucumber.TestRunner.sreachUserRunner" name="feature" time="57.427"/>
</testsuite> <!-- com.cucumber.TestRunner.sreachUserRunner -->
