<?xml version="1.0" encoding="UTF-8"?>
<!-- Generated by org.testng.reporters.JUnitReportReporter -->
<testsuite hostname="DESKTOP-AFJ4RN8" failures="0" tests="1" name="com.cucumber.TestRunner.CreateNewUserRunner" time="60.021" errors="0" timestamp="2 Feb 2024 12:54:46 GMT">
  <testcase classname="com.cucumber.TestRunner.CreateNewUserRunner" name="feature" time="60.021"/>
</testsuite> <!-- com.cucumber.TestRunner.CreateNewUserRunner -->
